{"synthetic": false,
 "schemaVersion": "2025-09-10",
 "outputs":
 {"o": ["5121287abfdff536.olean"],
  "i": "9f02256d86e988b9.ilean",
  "c": "e9baca37b135b462.c"},
 "log":
 [{"message":
   ".> LEAN_PATH=/Users/ilpreterosso/VSCode/Lean/RadiiPolynomial/RadiiPolynomial/.lake/packages/Cli/.lake/build/lib/lean:/Users/ilpreterosso/VSCode/Lean/RadiiPolynomial/RadiiPolynomial/.lake/packages/batteries/.lake/build/lib/lean:/Users/ilpreterosso/VSCode/Lean/RadiiPolynomial/RadiiPolynomial/.lake/packages/Qq/.lake/build/lib/lean:/Users/ilpreterosso/VSCode/Lean/RadiiPolynomial/RadiiPolynomial/.lake/packages/aesop/.lake/build/lib/lean:/Users/ilpreterosso/VSCode/Lean/RadiiPolynomial/RadiiPolynomial/.lake/packages/proofwidgets/.lake/build/lib/lean:/Users/ilpreterosso/VSCode/Lean/RadiiPolynomial/RadiiPolynomial/.lake/packages/importGraph/.lake/build/lib/lean:/Users/ilpreterosso/VSCode/Lean/RadiiPolynomial/RadiiPolynomial/.lake/packages/LeanSearchClient/.lake/build/lib/lean:/Users/ilpreterosso/VSCode/Lean/RadiiPolynomial/RadiiPolynomial/.lake/packages/plausible/.lake/build/lib/lean:/Users/ilpreterosso/VSCode/Lean/RadiiPolynomial/RadiiPolynomial/.lake/packages/checkdecls/.lake/build/lib/lean:/Users/ilpreterosso/VSCode/Lean/RadiiPolynomial/RadiiPolynomial/.lake/packages/mathlib/.lake/build/lib/lean:/Users/ilpreterosso/VSCode/Lean/LeanCert/leancert/.lake/build/lib/lean:/Users/ilpreterosso/VSCode/Lean/RadiiPolynomial/RadiiPolynomial/.lake/build/lib/lean /Users/ilpreterosso/.elan/toolchains/leanprover--lean4---v4.28.0/bin/lean /Users/ilpreterosso/VSCode/Lean/RadiiPolynomial/RadiiPolynomial/RadiiPolynomial.lean -o /Users/ilpreterosso/VSCode/Lean/RadiiPolynomial/RadiiPolynomial/.lake/build/lib/lean/RadiiPolynomial.olean -i /Users/ilpreterosso/VSCode/Lean/RadiiPolynomial/RadiiPolynomial/.lake/build/lib/lean/RadiiPolynomial.ilean -c /Users/ilpreterosso/VSCode/Lean/RadiiPolynomial/RadiiPolynomial/.lake/build/ir/RadiiPolynomial.c --setup /Users/ilpreterosso/VSCode/Lean/RadiiPolynomial/RadiiPolynomial/.lake/build/ir/RadiiPolynomial.setup.json --json",
   "level": "trace"}],
 "inputs":
 [["RadiiPolynomial:deps",
   [["deps",
     [["RadiiPolynomial/RadiiPolynomial:extraDep",
       [["@RadiiPolynomial:extraDep", "00000000000006bb"]]],
      ["imports",
       [["RadiiPolynomial.source.lpSpace.ScaledReal transitive imports (legacy)",
         "62076bf14e34b3e5"],
        ["RadiiPolynomial.source.lpSpace.ScaledReal:importAllArts",
         "1faa8c3f8b4d81c9"],
        ["RadiiPolynomial.source.lpSpace.NormHelpers transitive imports (legacy)",
         "c83d8a718aa286f7"],
        ["RadiiPolynomial.source.lpSpace.NormHelpers:importAllArts",
         "0cb51f665d8980e9"],
        ["RadiiPolynomial.source.lpSpace.FiniteWeightedNorm transitive imports (legacy)",
         "451885ab3dbd3154"],
        ["RadiiPolynomial.source.lpSpace.FiniteWeightedNorm:importAllArts",
         "d6c5abb9210737f2"],
        ["RadiiPolynomial.source.lpSpace.DiscreteConvolution transitive imports (legacy)",
         "4bb70d27ca87f4a8"],
        ["RadiiPolynomial.source.lpSpace.DiscreteConvolution:importAllArts",
         "65fe9bd3bffb9bd1"],
        ["RadiiPolynomial.source.lpSpace.CauchyProduct transitive imports (legacy)",
         "26f8858ccba6f532"],
        ["RadiiPolynomial.source.lpSpace.CauchyProduct:importAllArts",
         "555cffcbf3beb012"],
        ["RadiiPolynomial.source.lpSpace.lpWeighted transitive imports (legacy)",
         "b075e29e73ec811c"],
        ["RadiiPolynomial.source.lpSpace.lpWeighted:importAllArts",
         "22d307d643f024d0"],
        ["RadiiPolynomial.source.lpSpace.lpWeightedDeriv transitive imports (legacy)",
         "febc41c6050e358c"],
        ["RadiiPolynomial.source.lpSpace.lpWeightedDeriv:importAllArts",
         "0f4b1a067feb935c"],
        ["RadiiPolynomial.source.lpSpace.LpOneBanachAlgebra transitive imports (legacy)",
         "be8ed883b594ae78"],
        ["RadiiPolynomial.source.lpSpace.LpOneBanachAlgebra:importAllArts",
         "b63959b0783e7ac5"],
        ["RadiiPolynomial.source.lpSpace.MatrixCLM transitive imports (legacy)",
         "19d5a8f27b491265"],
        ["RadiiPolynomial.source.lpSpace.MatrixCLM:importAllArts",
         "55e92572dbc57961"],
        ["RadiiPolynomial.source.lpSpace.OperatorNorm transitive imports (legacy)",
         "9a0397174504ab5b"],
        ["RadiiPolynomial.source.lpSpace.OperatorNorm:importAllArts",
         "20a814fbda13d3e1"],
        ["RadiiPolynomial.source.lpSpace.OmegaWeighted transitive imports (legacy)",
         "fa958a3967509d97"],
        ["RadiiPolynomial.source.lpSpace.OmegaWeighted:importAllArts",
         "6ffe219036639e68"],
        ["RadiiPolynomial.source.RadiiPolyGeneral transitive imports (legacy)",
         "11088f68688734aa"],
        ["RadiiPolynomial.source.RadiiPolyGeneral:importAllArts",
         "ce82d57a085c3535"],
        ["RadiiPolynomial.source.Core transitive imports (legacy)",
         "75ff72517bd89f3d"],
        ["RadiiPolynomial.source.Core:importAllArts", "fc850dd30405e56f"],
        ["RadiiPolynomial.source.BlockDiag.Base transitive imports (legacy)",
         "ef250294334a2b59"],
        ["RadiiPolynomial.source.BlockDiag.Base:importAllArts",
         "43d2151186169d2c"],
        ["RadiiPolynomial.source.BlockDiag.Concrete transitive imports (legacy)",
         "ef31f5f73c7b1e40"],
        ["RadiiPolynomial.source.BlockDiag.Concrete:importAllArts",
         "78dd14a6b52e8e06"],
        ["RadiiPolynomial.source.BlockDiag.Scalar transitive imports (legacy)",
         "3de505ea39e60f82"],
        ["RadiiPolynomial.source.BlockDiag.Scalar:importAllArts",
         "b7d833edc9294263"],
        ["RadiiPolynomial.source.WitnessSpec transitive imports (legacy)",
         "1ed6f590f85902fc"],
        ["RadiiPolynomial.source.WitnessSpec:importAllArts",
         "dd817a693d248ace"],
        ["RadiiPolynomial.source.LeanCertEval transitive imports (legacy)",
         "3f0c1d8e558e0c82"],
        ["RadiiPolynomial.source.LeanCertEval:importAllArts",
         "22643b464cef0efd"],
        ["RadiiPolynomial.source.IVP.Setup transitive imports (legacy)",
         "d0badc754a174742"],
        ["RadiiPolynomial.source.IVP.Setup:importAllArts", "de185cfed2820cc7"],
        ["RadiiPolynomial.source.Tactic.AutoPolyFDeriv transitive imports (legacy)",
         "351d1e121d81a7b1"],
        ["RadiiPolynomial.source.Tactic.AutoPolyFDeriv:importAllArts",
         "20f8500be3d3eca6"],
        ["RadiiPolynomial.source.MvPolyBridge.Basic transitive imports (legacy)",
         "a8addc5432c984c6"],
        ["RadiiPolynomial.source.MvPolyBridge.Basic:importAllArts",
         "ec4011af75ec9851"]]]]],
    ["libs",
     [["import dynlibs", "00000000000006bb"],
      ["package external libraries", "00000000000006bb"],
      ["module dynlibs", "00000000000006bb"],
      ["module plugins", "00000000000006bb"]]]]],
  ["Lean 4.28.0, commit 7e01a1bf5c70fc6167d49c345d3bf80596e9a79b",
   "a96bc04a2e5e9630"],
  ["/Users/ilpreterosso/VSCode/Lean/RadiiPolynomial/RadiiPolynomial/RadiiPolynomial.lean",
   "bbd6be4992e49f89"],
  ["options", "00000000000006bb"],
  ["Module.leanArgs: #[]", "00000000000006bb"]],
 "depHash": "9d14db3410e14a38"}