{"synthetic": false,
 "schemaVersion": "2025-09-10",
 "outputs":
 {"o": ["c547c1d73f20928e.olean"],
  "i": "383cde1af8f61be5.ilean",
  "c": "059fd48a02f3664f.c"},
 "log":
 [{"message":
   ".> LEAN_PATH=/Users/ilpreterosso/VSCode/Lean/RadiiPolynomial/RadiiPolynomial/.lake/packages/Cli/.lake/build/lib/lean:/Users/ilpreterosso/VSCode/Lean/RadiiPolynomial/RadiiPolynomial/.lake/packages/batteries/.lake/build/lib/lean:/Users/ilpreterosso/VSCode/Lean/RadiiPolynomial/RadiiPolynomial/.lake/packages/Qq/.lake/build/lib/lean:/Users/ilpreterosso/VSCode/Lean/RadiiPolynomial/RadiiPolynomial/.lake/packages/aesop/.lake/build/lib/lean:/Users/ilpreterosso/VSCode/Lean/RadiiPolynomial/RadiiPolynomial/.lake/packages/proofwidgets/.lake/build/lib/lean:/Users/ilpreterosso/VSCode/Lean/RadiiPolynomial/RadiiPolynomial/.lake/packages/importGraph/.lake/build/lib/lean:/Users/ilpreterosso/VSCode/Lean/RadiiPolynomial/RadiiPolynomial/.lake/packages/LeanSearchClient/.lake/build/lib/lean:/Users/ilpreterosso/VSCode/Lean/RadiiPolynomial/RadiiPolynomial/.lake/packages/plausible/.lake/build/lib/lean:/Users/ilpreterosso/VSCode/Lean/RadiiPolynomial/RadiiPolynomial/.lake/packages/checkdecls/.lake/build/lib/lean:/Users/ilpreterosso/VSCode/Lean/RadiiPolynomial/RadiiPolynomial/.lake/packages/mathlib/.lake/build/lib/lean:/Users/ilpreterosso/VSCode/Lean/LeanCert/leancert/.lake/build/lib/lean:/Users/ilpreterosso/VSCode/Lean/RadiiPolynomial/RadiiPolynomial/.lake/build/lib/lean /Users/ilpreterosso/.elan/toolchains/leanprover--lean4---v4.28.0/bin/lean /Users/ilpreterosso/VSCode/Lean/RadiiPolynomial/RadiiPolynomial/RadiiPolynomial/source/MvPolyBridge/Basic.lean -o /Users/ilpreterosso/VSCode/Lean/RadiiPolynomial/RadiiPolynomial/.lake/build/lib/lean/RadiiPolynomial/source/MvPolyBridge/Basic.olean -i /Users/ilpreterosso/VSCode/Lean/RadiiPolynomial/RadiiPolynomial/.lake/build/lib/lean/RadiiPolynomial/source/MvPolyBridge/Basic.ilean -c /Users/ilpreterosso/VSCode/Lean/RadiiPolynomial/RadiiPolynomial/.lake/build/ir/RadiiPolynomial/source/MvPolyBridge/Basic.c --setup /Users/ilpreterosso/VSCode/Lean/RadiiPolynomial/RadiiPolynomial/.lake/build/ir/RadiiPolynomial/source/MvPolyBridge/Basic.setup.json --json",
   "level": "trace"}],
 "inputs":
 [["RadiiPolynomial.source.MvPolyBridge.Basic:deps",
   [["deps",
     [["RadiiPolynomial/RadiiPolynomial:extraDep",
       [["@RadiiPolynomial:extraDep", "00000000000006bb"]]],
      ["imports",
       [["Mathlib.Algebra.MvPolynomial.Basic transitive imports (legacy)",
         "aa4c2beef3dd8964"],
        ["Mathlib.Algebra.MvPolynomial.Basic:importAllArts",
         "77c79d1a10e1ca61"],
        ["Mathlib.Algebra.MvPolynomial.Eval transitive imports (legacy)",
         "c68bbf11bf6b5613"],
        ["Mathlib.Algebra.MvPolynomial.Eval:importAllArts", "4208c4fc0595f36f"],
        ["Mathlib.Algebra.MvPolynomial.PDeriv transitive imports (legacy)",
         "896e6b41e9f01b9b"],
        ["Mathlib.Algebra.MvPolynomial.PDeriv:importAllArts",
         "9a64c65b7ad97f02"],
        ["Mathlib.RingTheory.PowerSeries.Basic transitive imports (legacy)",
         "6c6ca01f82cf19ca"],
        ["Mathlib.RingTheory.PowerSeries.Basic:importAllArts",
         "0373adf88ac3b464"],
        ["RadiiPolynomial.source.lpSpace.CauchyProduct transitive imports (legacy)",
         "26f8858ccba6f532"],
        ["RadiiPolynomial.source.lpSpace.CauchyProduct:importAllArts",
         "555cffcbf3beb012"],
        ["RadiiPolynomial.source.lpSpace.LpOneBanachAlgebra transitive imports (legacy)",
         "be8ed883b594ae78"],
        ["RadiiPolynomial.source.lpSpace.LpOneBanachAlgebra:importAllArts",
         "b63959b0783e7ac5"]]]]],
    ["libs",
     [["import dynlibs", "00000000000006bb"],
      ["package external libraries", "00000000000006bb"],
      ["module dynlibs", "00000000000006bb"],
      ["module plugins", "00000000000006bb"]]]]],
  ["Lean 4.28.0, commit 7e01a1bf5c70fc6167d49c345d3bf80596e9a79b",
   "a96bc04a2e5e9630"],
  ["/Users/ilpreterosso/VSCode/Lean/RadiiPolynomial/RadiiPolynomial/RadiiPolynomial/source/MvPolyBridge/Basic.lean",
   "282340df21905e0b"],
  ["options", "00000000000006bb"],
  ["Module.leanArgs: #[]", "00000000000006bb"]],
 "depHash": "479ceb235612f4c6"}