{"synthetic": false,
 "schemaVersion": "2025-09-10",
 "outputs":
 {"o": ["16452603356f0da5.olean"],
  "i": "e291952cb8f75002.ilean",
  "c": "61a1694a5a404cf4.c"},
 "log":
 [{"message":
   ".> LEAN_PATH=/Users/ilpreterosso/VSCode/Lean/RadiiPolynomial/RadiiPolynomial/.lake/packages/Cli/.lake/build/lib/lean:/Users/ilpreterosso/VSCode/Lean/RadiiPolynomial/RadiiPolynomial/.lake/packages/batteries/.lake/build/lib/lean:/Users/ilpreterosso/VSCode/Lean/RadiiPolynomial/RadiiPolynomial/.lake/packages/Qq/.lake/build/lib/lean:/Users/ilpreterosso/VSCode/Lean/RadiiPolynomial/RadiiPolynomial/.lake/packages/aesop/.lake/build/lib/lean:/Users/ilpreterosso/VSCode/Lean/RadiiPolynomial/RadiiPolynomial/.lake/packages/proofwidgets/.lake/build/lib/lean:/Users/ilpreterosso/VSCode/Lean/RadiiPolynomial/RadiiPolynomial/.lake/packages/importGraph/.lake/build/lib/lean:/Users/ilpreterosso/VSCode/Lean/RadiiPolynomial/RadiiPolynomial/.lake/packages/LeanSearchClient/.lake/build/lib/lean:/Users/ilpreterosso/VSCode/Lean/RadiiPolynomial/RadiiPolynomial/.lake/packages/plausible/.lake/build/lib/lean:/Users/ilpreterosso/VSCode/Lean/RadiiPolynomial/RadiiPolynomial/.lake/packages/checkdecls/.lake/build/lib/lean:/Users/ilpreterosso/VSCode/Lean/RadiiPolynomial/RadiiPolynomial/.lake/packages/mathlib/.lake/build/lib/lean:/Users/ilpreterosso/VSCode/Lean/LeanCert/leancert/.lake/build/lib/lean:/Users/ilpreterosso/VSCode/Lean/RadiiPolynomial/RadiiPolynomial/.lake/build/lib/lean /Users/ilpreterosso/.elan/toolchains/leanprover--lean4---v4.28.0/bin/lean /Users/ilpreterosso/VSCode/Lean/RadiiPolynomial/RadiiPolynomial/RadiiPolynomial/source/Tactic/AutoPolyFDeriv.lean -o /Users/ilpreterosso/VSCode/Lean/RadiiPolynomial/RadiiPolynomial/.lake/build/lib/lean/RadiiPolynomial/source/Tactic/AutoPolyFDeriv.olean -i /Users/ilpreterosso/VSCode/Lean/RadiiPolynomial/RadiiPolynomial/.lake/build/lib/lean/RadiiPolynomial/source/Tactic/AutoPolyFDeriv.ilean -c /Users/ilpreterosso/VSCode/Lean/RadiiPolynomial/RadiiPolynomial/.lake/build/ir/RadiiPolynomial/source/Tactic/AutoPolyFDeriv.c --setup /Users/ilpreterosso/VSCode/Lean/RadiiPolynomial/RadiiPolynomial/.lake/build/ir/RadiiPolynomial/source/Tactic/AutoPolyFDeriv.setup.json --json",
   "level": "trace"},
  {"message":
   "RadiiPolynomial/source/Tactic/AutoPolyFDeriv.lean:47:0: automatically included section variable(s) unused in theorem `fderiv_pi_apply`:\n  [Fintype ι]\nconsider restructuring your `variable` declarations so that the variables are not in scope or explicitly omit them:\n  omit [Fintype ι] in theorem ...\n\nNote: This linter can be disabled with `set_option linter.unusedSectionVars false`",
   "level": "warning"},
  {"message":
   "RadiiPolynomial/source/Tactic/AutoPolyFDeriv.lean:56:0: automatically included section variable(s) unused in theorem `differentiable_pi_apply`:\n  [Fintype ι]\nconsider restructuring your `variable` declarations so that the variables are not in scope or explicitly omit them:\n  omit [Fintype ι] in theorem ...\n\nNote: This linter can be disabled with `set_option linter.unusedSectionVars false`",
   "level": "warning"},
  {"message":
   "RadiiPolynomial/source/Tactic/AutoPolyFDeriv.lean:73:15: This simp argument is unused:\n  RadiiPolynomial.l1Weighted.leftMul_apply\n\nHint: Omit it from the simp argument list.\n  simp [R̵a̵d̵i̵i̵P̵o̵l̵y̵n̵o̵m̵i̵a̵l̵.̵l̵1̵W̵e̵i̵g̵h̵t̵e̵d̵.̵l̵e̵f̵t̵M̵u̵l̵_̵a̵p̵p̵l̵y̵,̵ ̵smul_eq_mul]\n\nNote: This linter can be disabled with `set_option linter.unusedSimpArgs false`",
   "level": "warning"}],
 "inputs":
 [["RadiiPolynomial.source.Tactic.AutoPolyFDeriv:deps",
   [["deps",
     [["RadiiPolynomial/RadiiPolynomial:extraDep",
       [["@RadiiPolynomial:extraDep", "00000000000006bb"]]],
      ["imports",
       [["Mathlib.Analysis.Calculus.FDeriv.Pow transitive imports (legacy)",
         "b535fd8a97a24ec8"],
        ["Mathlib.Analysis.Calculus.FDeriv.Pow:importAllArts",
         "7f0a1a06e07e890c"],
        ["Mathlib.Analysis.Calculus.FDeriv.Prod transitive imports (legacy)",
         "94b2aab367f15b9d"],
        ["Mathlib.Analysis.Calculus.FDeriv.Prod:importAllArts",
         "829c9193edca987e"],
        ["Mathlib.Analysis.Calculus.IteratedDeriv.Lemmas transitive imports (legacy)",
         "5c226db1715bdd58"],
        ["Mathlib.Analysis.Calculus.IteratedDeriv.Lemmas:importAllArts",
         "d7be4621518fc6f8"],
        ["RadiiPolynomial.source.lpSpace.LpOneBanachAlgebra transitive imports (legacy)",
         "be8ed883b594ae78"],
        ["RadiiPolynomial.source.lpSpace.LpOneBanachAlgebra:importAllArts",
         "b63959b0783e7ac5"]]]]],
    ["libs",
     [["import dynlibs", "00000000000006bb"],
      ["package external libraries", "00000000000006bb"],
      ["module dynlibs", "00000000000006bb"],
      ["module plugins", "00000000000006bb"]]]]],
  ["Lean 4.28.0, commit 7e01a1bf5c70fc6167d49c345d3bf80596e9a79b",
   "a96bc04a2e5e9630"],
  ["/Users/ilpreterosso/VSCode/Lean/RadiiPolynomial/RadiiPolynomial/RadiiPolynomial/source/Tactic/AutoPolyFDeriv.lean",
   "2fa484f029c53c56"],
  ["options", "00000000000006bb"],
  ["Module.leanArgs: #[]", "00000000000006bb"]],
 "depHash": "bbf72546235e874c"}