{"synthetic": false,
 "schemaVersion": "2025-09-10",
 "outputs":
 {"o": ["76f704c23112a1e9.olean"],
  "i": "3ec16dc9f238eeaa.ilean",
  "c": "447187cd2d4a1a68.c"},
 "log":
 [{"message":
   ".> LEAN_PATH=/Users/ilpreterosso/VSCode/Lean/RadiiPolynomial/RadiiPolynomial/.lake/packages/Cli/.lake/build/lib/lean:/Users/ilpreterosso/VSCode/Lean/RadiiPolynomial/RadiiPolynomial/.lake/packages/batteries/.lake/build/lib/lean:/Users/ilpreterosso/VSCode/Lean/RadiiPolynomial/RadiiPolynomial/.lake/packages/Qq/.lake/build/lib/lean:/Users/ilpreterosso/VSCode/Lean/RadiiPolynomial/RadiiPolynomial/.lake/packages/aesop/.lake/build/lib/lean:/Users/ilpreterosso/VSCode/Lean/RadiiPolynomial/RadiiPolynomial/.lake/packages/proofwidgets/.lake/build/lib/lean:/Users/ilpreterosso/VSCode/Lean/RadiiPolynomial/RadiiPolynomial/.lake/packages/importGraph/.lake/build/lib/lean:/Users/ilpreterosso/VSCode/Lean/RadiiPolynomial/RadiiPolynomial/.lake/packages/LeanSearchClient/.lake/build/lib/lean:/Users/ilpreterosso/VSCode/Lean/RadiiPolynomial/RadiiPolynomial/.lake/packages/plausible/.lake/build/lib/lean:/Users/ilpreterosso/VSCode/Lean/RadiiPolynomial/RadiiPolynomial/.lake/packages/checkdecls/.lake/build/lib/lean:/Users/ilpreterosso/VSCode/Lean/RadiiPolynomial/RadiiPolynomial/.lake/packages/mathlib/.lake/build/lib/lean:/Users/ilpreterosso/VSCode/Lean/LeanCert/leancert/.lake/build/lib/lean:/Users/ilpreterosso/VSCode/Lean/RadiiPolynomial/RadiiPolynomial/.lake/build/lib/lean /Users/ilpreterosso/.elan/toolchains/leanprover--lean4---v4.28.0/bin/lean /Users/ilpreterosso/VSCode/Lean/RadiiPolynomial/RadiiPolynomial/RadiiPolynomial/source/IVP/Setup.lean -o /Users/ilpreterosso/VSCode/Lean/RadiiPolynomial/RadiiPolynomial/.lake/build/lib/lean/RadiiPolynomial/source/IVP/Setup.olean -i /Users/ilpreterosso/VSCode/Lean/RadiiPolynomial/RadiiPolynomial/.lake/build/lib/lean/RadiiPolynomial/source/IVP/Setup.ilean -c /Users/ilpreterosso/VSCode/Lean/RadiiPolynomial/RadiiPolynomial/.lake/build/ir/RadiiPolynomial/source/IVP/Setup.c --setup /Users/ilpreterosso/VSCode/Lean/RadiiPolynomial/RadiiPolynomial/.lake/build/ir/RadiiPolynomial/source/IVP/Setup.setup.json --json",
   "level": "trace"},
  {"message":
   "RadiiPolynomial/source/IVP/Setup.lean:80:0: automatically included section variable(s) unused in theorem `IVP.ivpMap_coeff`:\n  [NeZero L]\nconsider restructuring your `variable` declarations so that the variables are not in scope or explicitly omit them:\n  omit [NeZero L] in theorem ...\n\nNote: This linter can be disabled with `set_option linter.unusedSectionVars false`",
   "level": "warning"},
  {"message":
   "RadiiPolynomial/source/IVP/Setup.lean:98:0: automatically included section variable(s) unused in theorem `IVP.differentiable_ivpTail`:\n  [NeZero L]\nconsider restructuring your `variable` declarations so that the variables are not in scope or explicitly omit them:\n  omit [NeZero L] in theorem ...\n\nNote: This linter can be disabled with `set_option linter.unusedSectionVars false`",
   "level": "warning"},
  {"message":
   "RadiiPolynomial/source/IVP/Setup.lean:131:24: This simp argument is unused:\n  ivpTail\n\nHint: Omit it from the simp argument list.\n  simp ̵[̵i̵v̵p̵T̵a̵i̵l̵]̵\n\nNote: This linter can be disabled with `set_option linter.unusedSimpArgs false`",
   "level": "warning"},
  {"message":
   "RadiiPolynomial/source/IVP/Setup.lean:227:0: automatically included section variable(s) unused in theorem `IVP.ivp_Y₀_le`:\n  [NeZero L]\nconsider restructuring your `variable` declarations so that the variables are not in scope or explicitly omit them:\n  omit [NeZero L] in theorem ...\n\nNote: This linter can be disabled with `set_option linter.unusedSectionVars false`",
   "level": "warning"},
  {"message":
   "RadiiPolynomial/source/IVP/Setup.lean:262:0: automatically included section variable(s) unused in theorem `IVP.differentiable_ivpCoeffs`:\n  [NeZero L]\nconsider restructuring your `variable` declarations so that the variables are not in scope or explicitly omit them:\n  omit [NeZero L] in theorem ...\n\nNote: This linter can be disabled with `set_option linter.unusedSectionVars false`",
   "level": "warning"},
  {"message":
   "RadiiPolynomial/source/IVP/Setup.lean:280:0: automatically included section variable(s) unused in theorem `IVP.fderiv_ivpCoeffs_diff`:\n  [NeZero L]\nconsider restructuring your `variable` declarations so that the variables are not in scope or explicitly omit them:\n  omit [NeZero L] in theorem ...\n\nNote: This linter can be disabled with `set_option linter.unusedSectionVars false`",
   "level": "warning"},
  {"message":
   "RadiiPolynomial/source/IVP/Setup.lean:430:15: This simp argument is unused:\n  lpWeighted.mk_apply\n\nHint: Omit it from the simp argument list.\n  simp [w, lpWeighted.m̵k̵_̵a̵p̵p̵l̵y̵,̵ ̵l̵p̵W̵e̵i̵g̵h̵t̵e̵d̵.̵sub_toSeq]\n\nNote: This linter can be disabled with `set_option linter.unusedSimpArgs false`",
   "level": "warning"},
  {"message":
   "RadiiPolynomial/source/IVP/Setup.lean:430:36: This simp argument is unused:\n  lpWeighted.sub_toSeq\n\nHint: Omit it from the simp argument list.\n  simp [w, lpWeighted.mk_apply,̵ ̵l̵p̵W̵e̵i̵g̵h̵t̵e̵d̵.̵s̵u̵b̵_̵t̵o̵S̵e̵q̵]\n\nNote: This linter can be disabled with `set_option linter.unusedSimpArgs false`",
   "level": "warning"}],
 "inputs":
 [["RadiiPolynomial.source.IVP.Setup:deps",
   [["deps",
     [["RadiiPolynomial/RadiiPolynomial:extraDep",
       [["@RadiiPolynomial:extraDep", "00000000000006bb"]]],
      ["imports",
       [["RadiiPolynomial.source.BlockDiag.Concrete transitive imports (legacy)",
         "ef31f5f73c7b1e40"],
        ["RadiiPolynomial.source.BlockDiag.Concrete:importAllArts",
         "78dd14a6b52e8e06"],
        ["RadiiPolynomial.source.lpSpace.OmegaWeighted transitive imports (legacy)",
         "fa958a3967509d97"],
        ["RadiiPolynomial.source.lpSpace.OmegaWeighted:importAllArts",
         "6ffe219036639e68"]]]]],
    ["libs",
     [["import dynlibs", "00000000000006bb"],
      ["package external libraries", "00000000000006bb"],
      ["module dynlibs", "00000000000006bb"],
      ["module plugins", "00000000000006bb"]]]]],
  ["Lean 4.28.0, commit 7e01a1bf5c70fc6167d49c345d3bf80596e9a79b",
   "a96bc04a2e5e9630"],
  ["/Users/ilpreterosso/VSCode/Lean/RadiiPolynomial/RadiiPolynomial/RadiiPolynomial/source/IVP/Setup.lean",
   "ede1d44afb0455e3"],
  ["options", "00000000000006bb"],
  ["Module.leanArgs: #[]", "00000000000006bb"]],
 "depHash": "7010818b36204890"}