{"synthetic": false,
 "schemaVersion": "2025-09-10",
 "outputs":
 {"o": ["e54fc9fe6d8974da.olean"],
  "i": "8e9037783b624233.ilean",
  "c": "e5a203adad29e3c7.c"},
 "log":
 [{"message":
   ".> LEAN_PATH=/Users/ilpreterosso/VSCode/Lean/RadiiPolynomial/RadiiPolynomial/.lake/packages/Cli/.lake/build/lib/lean:/Users/ilpreterosso/VSCode/Lean/RadiiPolynomial/RadiiPolynomial/.lake/packages/batteries/.lake/build/lib/lean:/Users/ilpreterosso/VSCode/Lean/RadiiPolynomial/RadiiPolynomial/.lake/packages/Qq/.lake/build/lib/lean:/Users/ilpreterosso/VSCode/Lean/RadiiPolynomial/RadiiPolynomial/.lake/packages/aesop/.lake/build/lib/lean:/Users/ilpreterosso/VSCode/Lean/RadiiPolynomial/RadiiPolynomial/.lake/packages/proofwidgets/.lake/build/lib/lean:/Users/ilpreterosso/VSCode/Lean/RadiiPolynomial/RadiiPolynomial/.lake/packages/importGraph/.lake/build/lib/lean:/Users/ilpreterosso/VSCode/Lean/RadiiPolynomial/RadiiPolynomial/.lake/packages/LeanSearchClient/.lake/build/lib/lean:/Users/ilpreterosso/VSCode/Lean/RadiiPolynomial/RadiiPolynomial/.lake/packages/plausible/.lake/build/lib/lean:/Users/ilpreterosso/VSCode/Lean/RadiiPolynomial/RadiiPolynomial/.lake/packages/checkdecls/.lake/build/lib/lean:/Users/ilpreterosso/VSCode/Lean/RadiiPolynomial/RadiiPolynomial/.lake/packages/mathlib/.lake/build/lib/lean:/Users/ilpreterosso/VSCode/Lean/LeanCert/leancert/.lake/build/lib/lean:/Users/ilpreterosso/VSCode/Lean/RadiiPolynomial/RadiiPolynomial/.lake/build/lib/lean /Users/ilpreterosso/.elan/toolchains/leanprover--lean4---v4.28.0/bin/lean /Users/ilpreterosso/VSCode/Lean/RadiiPolynomial/RadiiPolynomial/RadiiPolynomial/source/lpSpace/DiscreteConvolution.lean -o /Users/ilpreterosso/VSCode/Lean/RadiiPolynomial/RadiiPolynomial/.lake/build/lib/lean/RadiiPolynomial/source/lpSpace/DiscreteConvolution.olean -i /Users/ilpreterosso/VSCode/Lean/RadiiPolynomial/RadiiPolynomial/.lake/build/lib/lean/RadiiPolynomial/source/lpSpace/DiscreteConvolution.ilean -c /Users/ilpreterosso/VSCode/Lean/RadiiPolynomial/RadiiPolynomial/.lake/build/ir/RadiiPolynomial/source/lpSpace/DiscreteConvolution.c --setup /Users/ilpreterosso/VSCode/Lean/RadiiPolynomial/RadiiPolynomial/.lake/build/ir/RadiiPolynomial/source/lpSpace/DiscreteConvolution.setup.json --json",
   "level": "trace"}],
 "inputs":
 [["RadiiPolynomial.source.lpSpace.DiscreteConvolution:deps",
   [["deps",
     [["RadiiPolynomial/RadiiPolynomial:extraDep",
       [["@RadiiPolynomial:extraDep", "00000000000006bb"]]],
      ["imports",
       [["Mathlib.Topology.Algebra.InfiniteSum.Basic transitive imports (legacy)",
         "ebcb78390bd3ebaf"],
        ["Mathlib.Topology.Algebra.InfiniteSum.Basic:importAllArts",
         "147ed70e7667ddb0"],
        ["Mathlib.Algebra.Module.LinearMap.Basic transitive imports (legacy)",
         "9f8026b7ef4f1885"],
        ["Mathlib.Algebra.Module.LinearMap.Basic:importAllArts",
         "7cf2e392ee67229b"],
        ["Mathlib.Algebra.Algebra.Bilinear transitive imports (legacy)",
         "5794f4c4ab0d9c64"],
        ["Mathlib.Algebra.Algebra.Bilinear:importAllArts", "9502c9f4207c9358"],
        ["Mathlib.Algebra.Order.Antidiag.Prod transitive imports (legacy)",
         "c67d1922de1cd469"],
        ["Mathlib.Algebra.Order.Antidiag.Prod:importAllArts",
         "4becd5705e6165e0"],
        ["Mathlib.Data.Set.MulAntidiagonal transitive imports (legacy)",
         "010eac0658187961"],
        ["Mathlib.Data.Set.MulAntidiagonal:importAllArts",
         "d668f131d9cf7934"]]]]],
    ["libs",
     [["import dynlibs", "00000000000006bb"],
      ["package external libraries", "00000000000006bb"],
      ["module dynlibs", "00000000000006bb"],
      ["module plugins", "00000000000006bb"]]]]],
  ["Lean 4.28.0, commit 7e01a1bf5c70fc6167d49c345d3bf80596e9a79b",
   "a96bc04a2e5e9630"],
  ["/Users/ilpreterosso/VSCode/Lean/RadiiPolynomial/RadiiPolynomial/RadiiPolynomial/source/lpSpace/DiscreteConvolution.lean",
   "01a75f8e5051e423"],
  ["options", "00000000000006bb"],
  ["Module.leanArgs: #[]", "00000000000006bb"]],
 "depHash": "14757c166ffb255f"}