{"synthetic": false,
 "schemaVersion": "2025-09-10",
 "outputs":
 {"o": ["b736a7fa3c1623ca.olean"],
  "i": "82f945aee0e94ba4.ilean",
  "c": "727565a26ce8c00e.c"},
 "log":
 [{"message":
   ".> LEAN_PATH=/Users/ilpreterosso/VSCode/Lean/RadiiPolynomial/RadiiPolynomial/.lake/packages/Cli/.lake/build/lib/lean:/Users/ilpreterosso/VSCode/Lean/RadiiPolynomial/RadiiPolynomial/.lake/packages/batteries/.lake/build/lib/lean:/Users/ilpreterosso/VSCode/Lean/RadiiPolynomial/RadiiPolynomial/.lake/packages/Qq/.lake/build/lib/lean:/Users/ilpreterosso/VSCode/Lean/RadiiPolynomial/RadiiPolynomial/.lake/packages/aesop/.lake/build/lib/lean:/Users/ilpreterosso/VSCode/Lean/RadiiPolynomial/RadiiPolynomial/.lake/packages/proofwidgets/.lake/build/lib/lean:/Users/ilpreterosso/VSCode/Lean/RadiiPolynomial/RadiiPolynomial/.lake/packages/importGraph/.lake/build/lib/lean:/Users/ilpreterosso/VSCode/Lean/RadiiPolynomial/RadiiPolynomial/.lake/packages/LeanSearchClient/.lake/build/lib/lean:/Users/ilpreterosso/VSCode/Lean/RadiiPolynomial/RadiiPolynomial/.lake/packages/plausible/.lake/build/lib/lean:/Users/ilpreterosso/VSCode/Lean/RadiiPolynomial/RadiiPolynomial/.lake/packages/checkdecls/.lake/build/lib/lean:/Users/ilpreterosso/VSCode/Lean/RadiiPolynomial/RadiiPolynomial/.lake/packages/mathlib/.lake/build/lib/lean:/Users/ilpreterosso/VSCode/Lean/LeanCert/leancert/.lake/build/lib/lean:/Users/ilpreterosso/VSCode/Lean/RadiiPolynomial/RadiiPolynomial/.lake/build/lib/lean /Users/ilpreterosso/.elan/toolchains/leanprover--lean4---v4.28.0/bin/lean /Users/ilpreterosso/VSCode/Lean/RadiiPolynomial/RadiiPolynomial/RadiiPolynomial/source/lpSpace/OperatorNorm.lean -o /Users/ilpreterosso/VSCode/Lean/RadiiPolynomial/RadiiPolynomial/.lake/build/lib/lean/RadiiPolynomial/source/lpSpace/OperatorNorm.olean -i /Users/ilpreterosso/VSCode/Lean/RadiiPolynomial/RadiiPolynomial/.lake/build/lib/lean/RadiiPolynomial/source/lpSpace/OperatorNorm.ilean -c /Users/ilpreterosso/VSCode/Lean/RadiiPolynomial/RadiiPolynomial/.lake/build/ir/RadiiPolynomial/source/lpSpace/OperatorNorm.c --setup /Users/ilpreterosso/VSCode/Lean/RadiiPolynomial/RadiiPolynomial/.lake/build/ir/RadiiPolynomial/source/lpSpace/OperatorNorm.setup.json --json",
   "level": "trace"}],
 "inputs":
 [["RadiiPolynomial.source.lpSpace.OperatorNorm:deps",
   [["deps",
     [["RadiiPolynomial/RadiiPolynomial:extraDep",
       [["@RadiiPolynomial:extraDep", "00000000000006bb"]]],
      ["imports",
       [["RadiiPolynomial.source.lpSpace.MatrixCLM transitive imports (legacy)",
         "19d5a8f27b491265"],
        ["RadiiPolynomial.source.lpSpace.MatrixCLM:importAllArts",
         "55e92572dbc57961"],
        ["RadiiPolynomial.source.RadiiPolyGeneral transitive imports (legacy)",
         "11088f68688734aa"],
        ["RadiiPolynomial.source.RadiiPolyGeneral:importAllArts",
         "ce82d57a085c3535"]]]]],
    ["libs",
     [["import dynlibs", "00000000000006bb"],
      ["package external libraries", "00000000000006bb"],
      ["module dynlibs", "00000000000006bb"],
      ["module plugins", "00000000000006bb"]]]]],
  ["Lean 4.28.0, commit 7e01a1bf5c70fc6167d49c345d3bf80596e9a79b",
   "a96bc04a2e5e9630"],
  ["/Users/ilpreterosso/VSCode/Lean/RadiiPolynomial/RadiiPolynomial/RadiiPolynomial/source/lpSpace/OperatorNorm.lean",
   "c581096c15a2d058"],
  ["options", "00000000000006bb"],
  ["Module.leanArgs: #[]", "00000000000006bb"]],
 "depHash": "a6d4531be6069cb9"}