{"synthetic": false,
 "schemaVersion": "2025-09-10",
 "outputs":
 {"o": ["6f73f9f4dc1390a2.olean"],
  "i": "b364eab703f01055.ilean",
  "c": "9ebf52b115e86740.c"},
 "log":
 [{"message":
   ".> LEAN_PATH=/Users/ilpreterosso/VSCode/Lean/RadiiPolynomial/RadiiPolynomial/.lake/packages/Cli/.lake/build/lib/lean:/Users/ilpreterosso/VSCode/Lean/RadiiPolynomial/RadiiPolynomial/.lake/packages/batteries/.lake/build/lib/lean:/Users/ilpreterosso/VSCode/Lean/RadiiPolynomial/RadiiPolynomial/.lake/packages/Qq/.lake/build/lib/lean:/Users/ilpreterosso/VSCode/Lean/RadiiPolynomial/RadiiPolynomial/.lake/packages/aesop/.lake/build/lib/lean:/Users/ilpreterosso/VSCode/Lean/RadiiPolynomial/RadiiPolynomial/.lake/packages/proofwidgets/.lake/build/lib/lean:/Users/ilpreterosso/VSCode/Lean/RadiiPolynomial/RadiiPolynomial/.lake/packages/importGraph/.lake/build/lib/lean:/Users/ilpreterosso/VSCode/Lean/RadiiPolynomial/RadiiPolynomial/.lake/packages/LeanSearchClient/.lake/build/lib/lean:/Users/ilpreterosso/VSCode/Lean/RadiiPolynomial/RadiiPolynomial/.lake/packages/plausible/.lake/build/lib/lean:/Users/ilpreterosso/VSCode/Lean/RadiiPolynomial/RadiiPolynomial/.lake/packages/checkdecls/.lake/build/lib/lean:/Users/ilpreterosso/VSCode/Lean/RadiiPolynomial/RadiiPolynomial/.lake/packages/mathlib/.lake/build/lib/lean:/Users/ilpreterosso/VSCode/Lean/LeanCert/leancert/.lake/build/lib/lean:/Users/ilpreterosso/VSCode/Lean/RadiiPolynomial/RadiiPolynomial/.lake/build/lib/lean /Users/ilpreterosso/.elan/toolchains/leanprover--lean4---v4.28.0/bin/lean /Users/ilpreterosso/VSCode/Lean/RadiiPolynomial/RadiiPolynomial/RadiiPolynomial/source/lpSpace/ScaledReal.lean -o /Users/ilpreterosso/VSCode/Lean/RadiiPolynomial/RadiiPolynomial/.lake/build/lib/lean/RadiiPolynomial/source/lpSpace/ScaledReal.olean -i /Users/ilpreterosso/VSCode/Lean/RadiiPolynomial/RadiiPolynomial/.lake/build/lib/lean/RadiiPolynomial/source/lpSpace/ScaledReal.ilean -c /Users/ilpreterosso/VSCode/Lean/RadiiPolynomial/RadiiPolynomial/.lake/build/ir/RadiiPolynomial/source/lpSpace/ScaledReal.c --setup /Users/ilpreterosso/VSCode/Lean/RadiiPolynomial/RadiiPolynomial/.lake/build/ir/RadiiPolynomial/source/lpSpace/ScaledReal.setup.json --json",
   "level": "trace"}],
 "inputs":
 [["RadiiPolynomial.source.lpSpace.ScaledReal:deps",
   [["deps",
     [["RadiiPolynomial/RadiiPolynomial:extraDep",
       [["@RadiiPolynomial:extraDep", "00000000000006bb"]]],
      ["imports",
       [["Mathlib.Analysis.Normed.Lp.lpSpace transitive imports (legacy)",
         "530661c29bf6f1dc"],
        ["Mathlib.Analysis.Normed.Lp.lpSpace:importAllArts",
         "d0c0952f6e8a360c"],
        ["Mathlib.LinearAlgebra.FiniteDimensional.Defs transitive imports (legacy)",
         "9b97fc4a34f7cb8d"],
        ["Mathlib.LinearAlgebra.FiniteDimensional.Defs:importAllArts",
         "63591fdd463e97a6"],
        ["Mathlib.Topology.Algebra.Module.FiniteDimension transitive imports (legacy)",
         "8f2e74297bc4ce71"],
        ["Mathlib.Topology.Algebra.Module.FiniteDimension:importAllArts",
         "affc31c4b9e650a6"]]]]],
    ["libs",
     [["import dynlibs", "00000000000006bb"],
      ["package external libraries", "00000000000006bb"],
      ["module dynlibs", "00000000000006bb"],
      ["module plugins", "00000000000006bb"]]]]],
  ["Lean 4.28.0, commit 7e01a1bf5c70fc6167d49c345d3bf80596e9a79b",
   "a96bc04a2e5e9630"],
  ["/Users/ilpreterosso/VSCode/Lean/RadiiPolynomial/RadiiPolynomial/RadiiPolynomial/source/lpSpace/ScaledReal.lean",
   "43359e09735c58b4"],
  ["options", "00000000000006bb"],
  ["Module.leanArgs: #[]", "00000000000006bb"]],
 "depHash": "7e2fc57e7a3c57ce"}